<?xml version="1.0" encoding="UTF-8"?>
<!-- Generated by org.testng.reporters.JUnitXMLReporter -->
<testsuite ignored="4" hostname="Mohanas-MacBook-Air.local" failures="1" tests="1" name="Default test" time="11.027" errors="0" timestamp="2022-08-21T16:19:15 EDT">
  <testcase classname="sfdc.org.test.LoginTest" name="ForgotPassword4B" time="2.183">
    <failure type="java.lang.AssertionError" message="Expected error message and displayed error message should be same expected [Your login attempt has failed. The username or password may be incorrect, or your location or login time may be restricted. Please contact the administrator at your company for help] but found [Please check your username and password. If you still can&amp;apos;t log in, contact your Salesforce administrator.]">
      <![CDATA[java.lang.AssertionError: Expected error message and displayed error message should be same expected [Your login attempt has failed. The username or password may be incorrect, or your location or login time may be restricted. Please contact the administrator at your company for help] but found [Please check your username and password. If you still can't log in, contact your Salesforce administrator.]
at org.testng.Assert.fail(Assert.java:110)
at org.testng.Assert.failNotEquals(Assert.java:1413)
at org.testng.Assert.assertEqualsImpl(Assert.java:149)
at org.testng.Assert.assertEquals(Assert.java:131)
at org.testng.Assert.assertEquals(Assert.java:655)
at sfdc.org.test.LoginTest.ForgotPassword4B(LoginTest.java:145)
at java.base/jdk.internal.reflect.NativeMethodAccessorImpl.invoke0(Native Method)
at java.base/jdk.internal.reflect.NativeMethodAccessorImpl.invoke(NativeMethodAccessorImpl.java:62)
at java.base/jdk.internal.reflect.DelegatingMethodAccessorImpl.invoke(DelegatingMethodAccessorImpl.java:43)
at java.base/java.lang.reflect.Method.invoke(Method.java:566)
at org.testng.internal.invokers.MethodInvocationHelper.invokeMethod(MethodInvocationHelper.java:139)
at org.testng.internal.invokers.TestInvoker.invokeMethod(TestInvoker.java:677)
at org.testng.internal.invokers.TestInvoker.invokeTestMethod(TestInvoker.java:221)
at org.testng.internal.invokers.MethodRunner.runInSequence(MethodRunner.java:50)
at org.testng.internal.invokers.TestInvoker$MethodInvocationAgent.invoke(TestInvoker.java:962)
at org.testng.internal.invokers.TestInvoker.invokeTestMethods(TestInvoker.java:194)
at org.testng.internal.invokers.TestMethodWorker.invokeTestMethods(TestMethodWorker.java:148)
at org.testng.internal.invokers.TestMethodWorker.run(TestMethodWorker.java:128)
at java.base/java.util.ArrayList.forEach(ArrayList.java:1541)
at org.testng.TestRunner.privateRun(TestRunner.java:806)
at org.testng.TestRunner.run(TestRunner.java:601)
at org.testng.SuiteRunner.runTest(SuiteRunner.java:433)
at org.testng.SuiteRunner.runSequentially(SuiteRunner.java:427)
at org.testng.SuiteRunner.privateRun(SuiteRunner.java:387)
at org.testng.SuiteRunner.run(SuiteRunner.java:330)
at org.testng.SuiteRunnerWorker.runSuite(SuiteRunnerWorker.java:52)
at org.testng.SuiteRunnerWorker.run(SuiteRunnerWorker.java:95)
at org.testng.TestNG.runSuitesSequentially(TestNG.java:1256)
at org.testng.TestNG.runSuitesLocally(TestNG.java:1176)
at org.testng.TestNG.runSuites(TestNG.java:1099)
at org.testng.TestNG.run(TestNG.java:1067)
at org.testng.remote.AbstractRemoteTestNG.run(AbstractRemoteTestNG.java:115)
at org.testng.remote.RemoteTestNG.initAndRun(RemoteTestNG.java:251)
at org.testng.remote.RemoteTestNG.main(RemoteTestNG.java:77)
]]>
    </failure>
  </testcase> <!-- ForgotPassword4B -->
  <testcase classname="sfdc.org.test.LoginTest" name="LoginErrorMessage_TC01" time="0.0">
    <ignored/>
  </testcase> <!-- LoginErrorMessage_TC01 -->
  <testcase classname="sfdc.org.test.LoginTest" name="LoginToSalesForce_TC02" time="0.0">
    <ignored/>
  </testcase> <!-- LoginToSalesForce_TC02 -->
  <testcase classname="sfdc.org.test.LoginTest" name="ForgotPassword4A" time="0.0">
    <ignored/>
  </testcase> <!-- ForgotPassword4A -->
  <testcase classname="sfdc.org.test.LoginTest" name="checkRememberMe_TC03" time="0.0">
    <ignored/>
  </testcase> <!-- checkRememberMe_TC03 -->
</testsuite> <!-- Default test -->
