<?xml version="1.0" encoding="UTF-8"?>
<testng-results ignored="0" total="3" passed="2" failed="1" skipped="0">
  <reporter-output>
  </reporter-output>
  <suite started-at="2022-08-20T23:20:58 EDT" name="Default suite" finished-at="2022-08-20T23:21:28 EDT" duration-ms="30629">
    <groups>
    </groups>
    <test started-at="2022-08-20T23:20:58 EDT" name="Default test" finished-at="2022-08-20T23:21:28 EDT" duration-ms="30629">
      <class name="sfdc.org.test.LoginTest">
        <test-method is-config="true" signature="createExtentReport()[pri:0, instance:sfdc.org.test.LoginTest@65f8f5ae]" started-at="2022-08-20T23:20:58 EDT" name="createExtentReport" finished-at="2022-08-20T23:20:58 EDT" duration-ms="224" status="PASS">
          <reporter-output>
          </reporter-output>
        </test-method> <!-- createExtentReport -->
        <test-method is-config="true" signature="setup()[pri:0, instance:sfdc.org.test.LoginTest@65f8f5ae]" started-at="2022-08-20T23:20:59 EDT" name="setup" finished-at="2022-08-20T23:21:06 EDT" duration-ms="6510" status="PASS">
          <reporter-output>
          </reporter-output>
        </test-method> <!-- setup -->
        <test-method signature="LoginErrorMessage_TC01(java.lang.String,java.lang.String)[pri:0, instance:sfdc.org.test.LoginTest@65f8f5ae]" started-at="2022-08-20T23:21:06 EDT" name="LoginErrorMessage_TC01" data-provider="sfdcCredentials" finished-at="2022-08-20T23:21:08 EDT" duration-ms="2390" status="PASS">
          <params>
            <param index="0">
              <value>
                <![CDATA[harrypotter@abc.com]]>
              </value>
            </param>
            <param index="1">
              <value>
                <![CDATA[]]>
              </value>
            </param>
          </params>
          <reporter-output>
          </reporter-output>
        </test-method> <!-- LoginErrorMessage_TC01 -->
        <test-method is-config="true" signature="getResult(org.testng.ITestResult)[pri:0, instance:sfdc.org.test.LoginTest@65f8f5ae]" started-at="2022-08-20T23:21:08 EDT" name="getResult" finished-at="2022-08-20T23:21:08 EDT" duration-ms="1" status="PASS">
          <params>
            <param index="0">
              <value>
                <![CDATA[[TestResult name=LoginErrorMessage_TC01 status=SUCCESS method=LoginTest.LoginErrorMessage_TC01(java.lang.String,java.lang.String)[pri:0, instance:sfdc.org.test.LoginTest@65f8f5ae] output={null}]]]>
              </value>
            </param>
          </params>
          <reporter-output>
          </reporter-output>
        </test-method> <!-- getResult -->
        <test-method is-config="true" signature="closeDriver()[pri:0, instance:sfdc.org.test.LoginTest@65f8f5ae]" started-at="2022-08-20T23:21:08 EDT" name="closeDriver" finished-at="2022-08-20T23:21:09 EDT" duration-ms="1243" status="PASS">
          <reporter-output>
          </reporter-output>
        </test-method> <!-- closeDriver -->
        <test-method is-config="true" signature="setup()[pri:0, instance:sfdc.org.test.LoginTest@65f8f5ae]" started-at="2022-08-20T23:21:10 EDT" name="setup" finished-at="2022-08-20T23:21:13 EDT" duration-ms="3514" status="PASS">
          <reporter-output>
          </reporter-output>
        </test-method> <!-- setup -->
        <test-method signature="LoginToSalesForce_TC02(java.lang.String,java.lang.String)[pri:0, instance:sfdc.org.test.LoginTest@65f8f5ae]" started-at="2022-08-20T23:21:13 EDT" name="LoginToSalesForce_TC02" data-provider="ValidCredentials" finished-at="2022-08-20T23:21:14 EDT" duration-ms="1386" status="FAIL">
          <params>
            <param index="0">
              <value>
                <![CDATA[harrypotter@abc.com]]>
              </value>
            </param>
            <param index="1">
              <value>
                <![CDATA[Open123$#SalesF]]>
              </value>
            </param>
          </params>
          <exception class="java.lang.AssertionError">
            <message>
              <![CDATA[Free trial option should be available expected [true] but found [false]]]>
            </message>
            <full-stacktrace>
              <![CDATA[java.lang.AssertionError: Free trial option should be available expected [true] but found [false]
at org.testng.Assert.fail(Assert.java:110)
at org.testng.Assert.failNotEquals(Assert.java:1413)
at org.testng.Assert.assertTrue(Assert.java:56)
at sfdc.org.test.LoginTest.LoginToSalesForce_TC02(LoginTest.java:73)
at java.base/jdk.internal.reflect.NativeMethodAccessorImpl.invoke0(Native Method)
at java.base/jdk.internal.reflect.NativeMethodAccessorImpl.invoke(NativeMethodAccessorImpl.java:62)
at java.base/jdk.internal.reflect.DelegatingMethodAccessorImpl.invoke(DelegatingMethodAccessorImpl.java:43)
at java.base/java.lang.reflect.Method.invoke(Method.java:566)
at org.testng.internal.invokers.MethodInvocationHelper.invokeMethod(MethodInvocationHelper.java:139)
at org.testng.internal.invokers.TestInvoker.invokeMethod(TestInvoker.java:677)
at org.testng.internal.invokers.TestInvoker.invokeTestMethod(TestInvoker.java:221)
at org.testng.internal.invokers.MethodRunner.runInSequence(MethodRunner.java:50)
at org.testng.internal.invokers.TestInvoker$MethodInvocationAgent.invoke(TestInvoker.java:962)
at org.testng.internal.invokers.TestInvoker.invokeTestMethods(TestInvoker.java:194)
at org.testng.internal.invokers.TestMethodWorker.invokeTestMethods(TestMethodWorker.java:148)
at org.testng.internal.invokers.TestMethodWorker.run(TestMethodWorker.java:128)
at java.base/java.util.ArrayList.forEach(ArrayList.java:1541)
at org.testng.TestRunner.privateRun(TestRunner.java:806)
at org.testng.TestRunner.run(TestRunner.java:601)
at org.testng.SuiteRunner.runTest(SuiteRunner.java:433)
at org.testng.SuiteRunner.runSequentially(SuiteRunner.java:427)
at org.testng.SuiteRunner.privateRun(SuiteRunner.java:387)
at org.testng.SuiteRunner.run(SuiteRunner.java:330)
at org.testng.SuiteRunnerWorker.runSuite(SuiteRunnerWorker.java:52)
at org.testng.SuiteRunnerWorker.run(SuiteRunnerWorker.java:95)
at org.testng.TestNG.runSuitesSequentially(TestNG.java:1256)
at org.testng.TestNG.runSuitesLocally(TestNG.java:1176)
at org.testng.TestNG.runSuites(TestNG.java:1099)
at org.testng.TestNG.run(TestNG.java:1067)
at org.testng.remote.AbstractRemoteTestNG.run(AbstractRemoteTestNG.java:115)
at org.testng.remote.RemoteTestNG.initAndRun(RemoteTestNG.java:251)
at org.testng.remote.RemoteTestNG.main(RemoteTestNG.java:77)
]]>
            </full-stacktrace>
          </exception> <!-- java.lang.AssertionError -->
          <reporter-output>
          </reporter-output>
        </test-method> <!-- LoginToSalesForce_TC02 -->
        <test-method is-config="true" signature="getResult(org.testng.ITestResult)[pri:0, instance:sfdc.org.test.LoginTest@65f8f5ae]" started-at="2022-08-20T23:21:14 EDT" name="getResult" finished-at="2022-08-20T23:21:15 EDT" duration-ms="113" status="PASS">
          <params>
            <param index="0">
              <value>
                <![CDATA[[TestResult name=LoginToSalesForce_TC02 status=FAILURE method=LoginTest.LoginToSalesForce_TC02(java.lang.String,java.lang.String)[pri:0, instance:sfdc.org.test.LoginTest@65f8f5ae] output={null}]]]>
              </value>
            </param>
          </params>
          <reporter-output>
          </reporter-output>
        </test-method> <!-- getResult -->
        <test-method is-config="true" signature="closeDriver()[pri:0, instance:sfdc.org.test.LoginTest@65f8f5ae]" started-at="2022-08-20T23:21:15 EDT" name="closeDriver" finished-at="2022-08-20T23:21:16 EDT" duration-ms="1187" status="PASS">
          <reporter-output>
          </reporter-output>
        </test-method> <!-- closeDriver -->
        <test-method is-config="true" signature="setup()[pri:0, instance:sfdc.org.test.LoginTest@65f8f5ae]" started-at="2022-08-20T23:21:16 EDT" name="setup" finished-at="2022-08-20T23:21:20 EDT" duration-ms="4510" status="PASS">
          <reporter-output>
          </reporter-output>
        </test-method> <!-- setup -->
        <test-method signature="checkRememberMe_TC03(java.lang.String,java.lang.String)[pri:0, instance:sfdc.org.test.LoginTest@65f8f5ae]" started-at="2022-08-20T23:21:20 EDT" name="checkRememberMe_TC03" data-provider="ValidCredentials" finished-at="2022-08-20T23:21:27 EDT" duration-ms="6471" status="PASS">
          <params>
            <param index="0">
              <value>
                <![CDATA[harrypotter@abc.com]]>
              </value>
            </param>
            <param index="1">
              <value>
                <![CDATA[Open123$#SalesF]]>
              </value>
            </param>
          </params>
          <reporter-output>
          </reporter-output>
        </test-method> <!-- checkRememberMe_TC03 -->
        <test-method is-config="true" signature="getResult(org.testng.ITestResult)[pri:0, instance:sfdc.org.test.LoginTest@65f8f5ae]" started-at="2022-08-20T23:21:27 EDT" name="getResult" finished-at="2022-08-20T23:21:27 EDT" duration-ms="1" status="PASS">
          <params>
            <param index="0">
              <value>
                <![CDATA[[TestResult name=checkRememberMe_TC03 status=SUCCESS method=LoginTest.checkRememberMe_TC03(java.lang.String,java.lang.String)[pri:0, instance:sfdc.org.test.LoginTest@65f8f5ae] output={null}]]]>
              </value>
            </param>
          </params>
          <reporter-output>
          </reporter-output>
        </test-method> <!-- getResult -->
        <test-method is-config="true" signature="closeDriver()[pri:0, instance:sfdc.org.test.LoginTest@65f8f5ae]" started-at="2022-08-20T23:21:27 EDT" name="closeDriver" finished-at="2022-08-20T23:21:28 EDT" duration-ms="1213" status="PASS">
          <reporter-output>
          </reporter-output>
        </test-method> <!-- closeDriver -->
        <test-method is-config="true" signature="reportTearDown()[pri:0, instance:sfdc.org.test.LoginTest@65f8f5ae]" started-at="2022-08-20T23:21:28 EDT" name="reportTearDown" finished-at="2022-08-20T23:21:28 EDT" duration-ms="438" status="PASS">
          <reporter-output>
          </reporter-output>
        </test-method> <!-- reportTearDown -->
      </class> <!-- sfdc.org.test.LoginTest -->
    </test> <!-- Default test -->
  </suite> <!-- Default suite -->
</testng-results>
