<?xml version="1.0" encoding="UTF-8"?>
<testng-results ignored="4" total="5" passed="0" failed="1" skipped="0">
  <reporter-output>
  </reporter-output>
  <suite started-at="2022-08-21T16:19:04 EDT" name="Default suite" finished-at="2022-08-21T16:19:15 EDT" duration-ms="11027">
    <groups>
    </groups>
    <test started-at="2022-08-21T16:19:04 EDT" name="Default test" finished-at="2022-08-21T16:19:15 EDT" duration-ms="11027">
      <class name="sfdc.org.test.LoginTest">
        <test-method is-config="true" signature="createExtentReport()[pri:0, instance:sfdc.org.test.LoginTest@72cc7e6f]" started-at="2022-08-21T16:19:04 EDT" name="createExtentReport" finished-at="2022-08-21T16:19:04 EDT" duration-ms="220" status="PASS">
          <reporter-output>
          </reporter-output>
        </test-method> <!-- createExtentReport -->
        <test-method is-config="true" signature="setup()[pri:0, instance:sfdc.org.test.LoginTest@72cc7e6f]" started-at="2022-08-21T16:19:05 EDT" name="setup" finished-at="2022-08-21T16:19:11 EDT" duration-ms="5888" status="PASS">
          <reporter-output>
          </reporter-output>
        </test-method> <!-- setup -->
        <test-method signature="ForgotPassword4B(java.lang.String,java.lang.String)[pri:0, instance:sfdc.org.test.LoginTest@72cc7e6f]" started-at="2022-08-21T16:19:11 EDT" name="ForgotPassword4B" data-provider="sfdcCredentials" finished-at="2022-08-21T16:19:13 EDT" duration-ms="2183" status="FAIL">
          <params>
            <param index="0">
              <value>
                <![CDATA[123]]>
              </value>
            </param>
            <param index="1">
              <value>
                <![CDATA[22131]]>
              </value>
            </param>
          </params>
          <exception class="java.lang.AssertionError">
            <message>
              <![CDATA[Expected error message and displayed error message should be same expected [Your login attempt has failed. The username or password may be incorrect, or your location or login time may be restricted. Please contact the administrator at your company for help] but found [Please check your username and password. If you still can't log in, contact your Salesforce administrator.]]]>
            </message>
            <full-stacktrace>
              <![CDATA[java.lang.AssertionError: Expected error message and displayed error message should be same expected [Your login attempt has failed. The username or password may be incorrect, or your location or login time may be restricted. Please contact the administrator at your company for help] but found [Please check your username and password. If you still can't log in, contact your Salesforce administrator.]
at org.testng.Assert.fail(Assert.java:110)
at org.testng.Assert.failNotEquals(Assert.java:1413)
at org.testng.Assert.assertEqualsImpl(Assert.java:149)
at org.testng.Assert.assertEquals(Assert.java:131)
at org.testng.Assert.assertEquals(Assert.java:655)
at sfdc.org.test.LoginTest.ForgotPassword4B(LoginTest.java:145)
at java.base/jdk.internal.reflect.NativeMethodAccessorImpl.invoke0(Native Method)
at java.base/jdk.internal.reflect.NativeMethodAccessorImpl.invoke(NativeMethodAccessorImpl.java:62)
at java.base/jdk.internal.reflect.DelegatingMethodAccessorImpl.invoke(DelegatingMethodAccessorImpl.java:43)
at java.base/java.lang.reflect.Method.invoke(Method.java:566)
at org.testng.internal.invokers.MethodInvocationHelper.invokeMethod(MethodInvocationHelper.java:139)
at org.testng.internal.invokers.TestInvoker.invokeMethod(TestInvoker.java:677)
at org.testng.internal.invokers.TestInvoker.invokeTestMethod(TestInvoker.java:221)
at org.testng.internal.invokers.MethodRunner.runInSequence(MethodRunner.java:50)
at org.testng.internal.invokers.TestInvoker$MethodInvocationAgent.invoke(TestInvoker.java:962)
at org.testng.internal.invokers.TestInvoker.invokeTestMethods(TestInvoker.java:194)
at org.testng.internal.invokers.TestMethodWorker.invokeTestMethods(TestMethodWorker.java:148)
at org.testng.internal.invokers.TestMethodWorker.run(TestMethodWorker.java:128)
at java.base/java.util.ArrayList.forEach(ArrayList.java:1541)
at org.testng.TestRunner.privateRun(TestRunner.java:806)
at org.testng.TestRunner.run(TestRunner.java:601)
at org.testng.SuiteRunner.runTest(SuiteRunner.java:433)
at org.testng.SuiteRunner.runSequentially(SuiteRunner.java:427)
at org.testng.SuiteRunner.privateRun(SuiteRunner.java:387)
at org.testng.SuiteRunner.run(SuiteRunner.java:330)
at org.testng.SuiteRunnerWorker.runSuite(SuiteRunnerWorker.java:52)
at org.testng.SuiteRunnerWorker.run(SuiteRunnerWorker.java:95)
at org.testng.TestNG.runSuitesSequentially(TestNG.java:1256)
at org.testng.TestNG.runSuitesLocally(TestNG.java:1176)
at org.testng.TestNG.runSuites(TestNG.java:1099)
at org.testng.TestNG.run(TestNG.java:1067)
at org.testng.remote.AbstractRemoteTestNG.run(AbstractRemoteTestNG.java:115)
at org.testng.remote.RemoteTestNG.initAndRun(RemoteTestNG.java:251)
at org.testng.remote.RemoteTestNG.main(RemoteTestNG.java:77)
]]>
            </full-stacktrace>
          </exception> <!-- java.lang.AssertionError -->
          <reporter-output>
          </reporter-output>
        </test-method> <!-- ForgotPassword4B -->
        <test-method is-config="true" signature="getResult(org.testng.ITestResult)[pri:0, instance:sfdc.org.test.LoginTest@72cc7e6f]" started-at="2022-08-21T16:19:13 EDT" name="getResult" finished-at="2022-08-21T16:19:13 EDT" duration-ms="10" status="PASS">
          <params>
            <param index="0">
              <value>
                <![CDATA[[TestResult name=ForgotPassword4B status=FAILURE method=LoginTest.ForgotPassword4B(java.lang.String,java.lang.String)[pri:0, instance:sfdc.org.test.LoginTest@72cc7e6f] output={null}]]]>
              </value>
            </param>
          </params>
          <reporter-output>
          </reporter-output>
        </test-method> <!-- getResult -->
        <test-method is-config="true" signature="closeDriver()[pri:0, instance:sfdc.org.test.LoginTest@72cc7e6f]" started-at="2022-08-21T16:19:13 EDT" name="closeDriver" finished-at="2022-08-21T16:19:14 EDT" duration-ms="1199" status="PASS">
          <reporter-output>
          </reporter-output>
        </test-method> <!-- closeDriver -->
        <test-method is-config="true" signature="reportTearDown()[pri:0, instance:sfdc.org.test.LoginTest@72cc7e6f]" started-at="2022-08-21T16:19:14 EDT" name="reportTearDown" finished-at="2022-08-21T16:19:15 EDT" duration-ms="390" status="PASS">
          <reporter-output>
          </reporter-output>
        </test-method> <!-- reportTearDown -->
      </class> <!-- sfdc.org.test.LoginTest -->
    </test> <!-- Default test -->
  </suite> <!-- Default suite -->
</testng-results>
