<?xml version="1.0" encoding="UTF-8"?>
<testng-results ignored="2" total="3" passed="0" failed="1" skipped="0">
  <reporter-output>
  </reporter-output>
  <suite started-at="2022-08-30T19:56:46 EDT" name="Default suite" finished-at="2022-08-30T19:56:57 EDT" duration-ms="11078">
    <groups>
    </groups>
    <test started-at="2022-08-30T19:56:46 EDT" name="Default test" finished-at="2022-08-30T19:56:57 EDT" duration-ms="11078">
      <class name="sfdc.org.test.UserMenuTest">
        <test-method is-config="true" signature="createExtentReport()[pri:0, instance:sfdc.org.test.UserMenuTest@7f485fda]" started-at="2022-08-30T19:56:46 EDT" name="createExtentReport" finished-at="2022-08-30T19:56:46 EDT" duration-ms="318" status="PASS">
          <reporter-output>
          </reporter-output>
        </test-method> <!-- createExtentReport -->
        <test-method is-config="true" signature="setup()[pri:0, instance:sfdc.org.test.UserMenuTest@7f485fda]" started-at="2022-08-30T19:56:48 EDT" name="setup" finished-at="2022-08-30T19:56:55 EDT" duration-ms="6809" status="PASS">
          <reporter-output>
          </reporter-output>
        </test-method> <!-- setup -->
        <test-method signature="mySettingsTC07(java.lang.String,java.lang.String)[pri:0, instance:sfdc.org.test.UserMenuTest@7f485fda]" started-at="2022-08-30T19:56:55 EDT" name="mySettingsTC07" data-provider="ValidCredentials" finished-at="2022-08-30T19:56:56 EDT" duration-ms="1538" status="FAIL">
          <params>
            <param index="0">
              <value>
                <![CDATA[harrypotter@abc.com]]>
              </value>
            </param>
            <param index="1">
              <value>
                <![CDATA[Open123$#SalesF]]>
              </value>
            </param>
          </params>
          <exception class="org.openqa.selenium.NoSuchWindowException">
            <message>
              <![CDATA[no such window: window was already closed
  (Session info: chrome=104.0.5112.101)
Build info: version: '4.4.0', revision: 'e5c75ed026a'
System info: host: 'Mohanas-MacBook-Air.local', ip: 'fe80:0:0:0:8e7:df47:c0a9:3cfc%en0', os.name: 'Mac OS X', os.arch: 'x86_64', os.version: '10.15.5', java.version: '11.0.14'
Driver info: org.openqa.selenium.chrome.ChromeDriver
Command: [986d4910b427ccc14f5275598ea50888, findElement {using=id, value=rememberUn}]
Capabilities {acceptInsecureCerts: false, browserName: chrome, browserVersion: 104.0.5112.101, chrome: {chromedriverVersion: 104.0.5112.79 (3cf3e8c8a07d..., userDataDir: /var/folders/q5/3phgxl2n11z...}, goog:chromeOptions: {debuggerAddress: localhost:56010}, networkConnectionEnabled: false, pageLoadStrategy: normal, platformName: MAC, proxy: Proxy(), se:cdp: ws://localhost:56010/devtoo..., se:cdpVersion: 104.0.5112.101, setWindowRect: true, strictFileInteractability: false, timeouts: {implicit: 0, pageLoad: 300000, script: 30000}, unhandledPromptBehavior: dismiss and notify, webauthn:extension:credBlob: true, webauthn:extension:largeBlob: true, webauthn:virtualAuthenticators: true}
Session ID: 986d4910b427ccc14f5275598ea50888]]>
            </message>
            <full-stacktrace>
              <![CDATA[org.openqa.selenium.NoSuchWindowException: no such window: window was already closed
  (Session info: chrome=104.0.5112.101)
Build info: version: '4.4.0', revision: 'e5c75ed026a'
System info: host: 'Mohanas-MacBook-Air.local', ip: 'fe80:0:0:0:8e7:df47:c0a9:3cfc%en0', os.name: 'Mac OS X', os.arch: 'x86_64', os.version: '10.15.5', java.version: '11.0.14'
Driver info: org.openqa.selenium.chrome.ChromeDriver
Command: [986d4910b427ccc14f5275598ea50888, findElement {using=id, value=rememberUn}]
Capabilities {acceptInsecureCerts: false, browserName: chrome, browserVersion: 104.0.5112.101, chrome: {chromedriverVersion: 104.0.5112.79 (3cf3e8c8a07d..., userDataDir: /var/folders/q5/3phgxl2n11z...}, goog:chromeOptions: {debuggerAddress: localhost:56010}, networkConnectionEnabled: false, pageLoadStrategy: normal, platformName: MAC, proxy: Proxy(), se:cdp: ws://localhost:56010/devtoo..., se:cdpVersion: 104.0.5112.101, setWindowRect: true, strictFileInteractability: false, timeouts: {implicit: 0, pageLoad: 300000, script: 30000}, unhandledPromptBehavior: dismiss and notify, webauthn:extension:credBlob: true, webauthn:extension:largeBlob: true, webauthn:virtualAuthenticators: true}
Session ID: 986d4910b427ccc14f5275598ea50888
at java.base/jdk.internal.reflect.NativeConstructorAccessorImpl.newInstance0(Native Method)
at java.base/jdk.internal.reflect.NativeConstructorAccessorImpl.newInstance(NativeConstructorAccessorImpl.java:62)
at java.base/jdk.internal.reflect.DelegatingConstructorAccessorImpl.newInstance(DelegatingConstructorAccessorImpl.java:45)
at java.base/java.lang.reflect.Constructor.newInstance(Constructor.java:490)
at org.openqa.selenium.remote.codec.w3c.W3CHttpResponseCodec.createException(W3CHttpResponseCodec.java:200)
at org.openqa.selenium.remote.codec.w3c.W3CHttpResponseCodec.decode(W3CHttpResponseCodec.java:133)
at org.openqa.selenium.remote.codec.w3c.W3CHttpResponseCodec.decode(W3CHttpResponseCodec.java:53)
at org.openqa.selenium.remote.HttpCommandExecutor.execute(HttpCommandExecutor.java:184)
at org.openqa.selenium.remote.service.DriverCommandExecutor.invokeExecute(DriverCommandExecutor.java:167)
at org.openqa.selenium.remote.service.DriverCommandExecutor.execute(DriverCommandExecutor.java:142)
at org.openqa.selenium.remote.RemoteWebDriver.execute(RemoteWebDriver.java:547)
at org.openqa.selenium.remote.ElementLocation$ElementFinder$2.findElement(ElementLocation.java:162)
at org.openqa.selenium.remote.ElementLocation.findElement(ElementLocation.java:60)
at org.openqa.selenium.remote.RemoteWebDriver.findElement(RemoteWebDriver.java:365)
at org.openqa.selenium.remote.RemoteWebDriver.findElement(RemoteWebDriver.java:357)
at org.openqa.selenium.support.pagefactory.DefaultElementLocator.findElement(DefaultElementLocator.java:70)
at org.openqa.selenium.support.pagefactory.internal.LocatingElementHandler.invoke(LocatingElementHandler.java:39)
at com.sun.proxy.$Proxy19.isSelected(Unknown Source)
at sfdc.org.utilities.ActionsUtility.checkUncheckBox(ActionsUtility.java:42)
at sfdc.org.PageObjects.LoginPage.loginToApp(LoginPage.java:131)
at sfdc.org.test.UserMenuTest.mySettingsTC07(UserMenuTest.java:100)
at java.base/jdk.internal.reflect.NativeMethodAccessorImpl.invoke0(Native Method)
at java.base/jdk.internal.reflect.NativeMethodAccessorImpl.invoke(NativeMethodAccessorImpl.java:62)
at java.base/jdk.internal.reflect.DelegatingMethodAccessorImpl.invoke(DelegatingMethodAccessorImpl.java:43)
at java.base/java.lang.reflect.Method.invoke(Method.java:566)
at org.testng.internal.invokers.MethodInvocationHelper.invokeMethod(MethodInvocationHelper.java:139)
at org.testng.internal.invokers.TestInvoker.invokeMethod(TestInvoker.java:677)
at org.testng.internal.invokers.TestInvoker.invokeTestMethod(TestInvoker.java:221)
at org.testng.internal.invokers.MethodRunner.runInSequence(MethodRunner.java:50)
at org.testng.internal.invokers.TestInvoker$MethodInvocationAgent.invoke(TestInvoker.java:962)
at org.testng.internal.invokers.TestInvoker.invokeTestMethods(TestInvoker.java:194)
at org.testng.internal.invokers.TestMethodWorker.invokeTestMethods(TestMethodWorker.java:148)
at org.testng.internal.invokers.TestMethodWorker.run(TestMethodWorker.java:128)
at java.base/java.util.ArrayList.forEach(ArrayList.java:1541)
at org.testng.TestRunner.privateRun(TestRunner.java:806)
at org.testng.TestRunner.run(TestRunner.java:601)
at org.testng.SuiteRunner.runTest(SuiteRunner.java:433)
at org.testng.SuiteRunner.runSequentially(SuiteRunner.java:427)
at org.testng.SuiteRunner.privateRun(SuiteRunner.java:387)
at org.testng.SuiteRunner.run(SuiteRunner.java:330)
at org.testng.SuiteRunnerWorker.runSuite(SuiteRunnerWorker.java:52)
at org.testng.SuiteRunnerWorker.run(SuiteRunnerWorker.java:95)
at org.testng.TestNG.runSuitesSequentially(TestNG.java:1256)
at org.testng.TestNG.runSuitesLocally(TestNG.java:1176)
at org.testng.TestNG.runSuites(TestNG.java:1099)
at org.testng.TestNG.run(TestNG.java:1067)
at org.testng.remote.AbstractRemoteTestNG.run(AbstractRemoteTestNG.java:115)
at org.testng.remote.RemoteTestNG.initAndRun(RemoteTestNG.java:251)
at org.testng.remote.RemoteTestNG.main(RemoteTestNG.java:77)
]]>
            </full-stacktrace>
          </exception> <!-- org.openqa.selenium.NoSuchWindowException -->
          <reporter-output>
          </reporter-output>
        </test-method> <!-- mySettingsTC07 -->
        <test-method is-config="true" signature="getResult(org.testng.ITestResult)[pri:0, instance:sfdc.org.test.UserMenuTest@7f485fda]" started-at="2022-08-30T19:56:56 EDT" name="getResult" finished-at="2022-08-30T19:56:57 EDT" duration-ms="11" status="PASS">
          <params>
            <param index="0">
              <value>
                <![CDATA[[TestResult name=mySettingsTC07 status=FAILURE method=UserMenuTest.mySettingsTC07(java.lang.String,java.lang.String)[pri:0, instance:sfdc.org.test.UserMenuTest@7f485fda] output={null}]]]>
              </value>
            </param>
          </params>
          <reporter-output>
          </reporter-output>
        </test-method> <!-- getResult -->
        <test-method is-config="true" signature="closeDriver()[pri:0, instance:sfdc.org.test.UserMenuTest@7f485fda]" started-at="2022-08-30T19:56:57 EDT" name="closeDriver" finished-at="2022-08-30T19:56:57 EDT" duration-ms="0" status="PASS">
          <reporter-output>
          </reporter-output>
        </test-method> <!-- closeDriver -->
        <test-method is-config="true" signature="reportTearDown()[pri:0, instance:sfdc.org.test.UserMenuTest@7f485fda]" started-at="2022-08-30T19:56:57 EDT" name="reportTearDown" finished-at="2022-08-30T19:56:57 EDT" duration-ms="496" status="PASS">
          <reporter-output>
          </reporter-output>
        </test-method> <!-- reportTearDown -->
      </class> <!-- sfdc.org.test.UserMenuTest -->
    </test> <!-- Default test -->
  </suite> <!-- Default suite -->
</testng-results>
